3399
connect mongodb:3333
[0mGET /option/list?optionName=releaseDepartment [36m304 [0m15.429 ms - -[0m
[0mPOST /option [32m200 [0m15.963 ms - 12[0m
[0mGET /option/list?optionName=releaseDepartment [32m200 [0m3.132 ms - 137[0m
[0mGET /option/list?optionName=releaseDepartment [36m304 [0m3.028 ms - -[0m
[0mDELETE /option [32m200 [0m5.971 ms - 12[0m
[0mGET /option/list?optionName=releaseDepartment [32m200 [0m2.934 ms - 2[0m
[0mPOST /option [32m200 [0m4.831 ms - 12[0m
[0mGET /option/list?optionName=releaseDepartment [32m200 [0m2.868 ms - 70[0m
[0mGET /option/list?optionName=industry [32m200 [0m3.181 ms - 2[0m
3399
connect mongodb:3333
[0mGET /standard?id=1 [32m200 [0m17.408 ms - 433[0m
[0mGET /detectItem?id=1 [32m200 [0m13.241 ms - 655[0m
[0mGET /standard/list [32m200 [0m6.143 ms - 897[0m
[0mGET /standard/list [36m304 [0m4.129 ms - -[0m
[0mGET /standard/list [36m304 [0m3.521 ms - -[0m
[0mGET /standard/list [36m304 [0m3.270 ms - -[0m
[0mGET /option/list?optionName=releaseDepartment [32m200 [0m3.538 ms - 71[0m
[0mGET /detectItem?id= [32m200 [0m0.678 ms - 25[0m
[0mPOST /detectItem [32m200 [0m9.426 ms - 15[0m
[0mGET /detectItem?id= [36m304 [0m0.720 ms - -[0m
[0mPOST /detectItem [32m200 [0m0.878 ms - 15[0m
[0mGET /option/list?optionName=releaseDepartment [36m304 [0m3.303 ms - -[0m
[0mGET /option/list?optionName=administrativeDepartment [32m200 [0m3.744 ms - 141[0m
[0mPOST /option [32m200 [0m8.630 ms - 12[0m
[0mGET /option/list?optionName=administrativeDepartment [32m200 [0m3.356 ms - 208[0m
[0mGET /option/list?optionName=administrativeDepartment [36m304 [0m3.323 ms - -[0m
[0mGET /option/list?optionName=releaseDepartment [36m304 [0m4.574 ms - -[0m
[0mGET /option/list?optionName=administrativeDepartment [32m200 [0m3.636 ms - 208[0m
[0mPOST /option [32m200 [0m5.317 ms - 12[0m
[0mGET /option/list?optionName=releaseDepartment [32m200 [0m3.296 ms - 139[0m
[0mPOST /option [32m200 [0m5.077 ms - 12[0m
[0mGET /option/list?optionName=administrativeDepartment [32m200 [0m3.284 ms - 282[0m
[0mGET /option/list?optionName=administrativeDepartment [32m200 [0m3.259 ms - 282[0m
[0mPOST /option [32m200 [0m5.028 ms - 12[0m
[0mGET /option/list?optionName=administrativeDepartment [32m200 [0m2.361 ms - 350[0m
[0mGET /detectItem?id=1 [32m200 [0m2.753 ms - 655[0m
[0mPOST /detectItem [32m200 [0m6.287 ms - 12[0m
[0mGET /option/list?optionName=administrativeDepartment [36m304 [0m2.646 ms - -[0m
[0mPOST /option [32m200 [0m4.196 ms - 12[0m
[0mGET /option/list?optionName=administrativeDepartment [32m200 [0m2.734 ms - 442[0m
[0mPOST /option [32m200 [0m2.726 ms - 21[0m
[0mGET /option/list?optionName=administrativeDepartment [36m304 [0m2.511 ms - -[0m
[0mGET /option/list?optionName=administrativeDepartment [36m304 [0m2.644 ms - -[0m
[0mGET /option/list?optionName=industryClassfication [32m200 [0m3.311 ms - 53[0m
[0mPOST /option [32m200 [0m3.812 ms - 12[0m
[0mGET /option/list?optionName=industryClassfication [32m200 [0m2.349 ms - 136[0m
[0mGET /option/list?optionName=releaseDepartment [32m200 [0m2.472 ms - 139[0m
[0mGET /option/list?optionName=administrativeDepartment [32m200 [0m2.423 ms - 442[0m
[0mGET /option/list?optionName=releaseDepartment [32m200 [0m2.740 ms - 139[0m
[0mGET /option/list?optionName=industryClassfication [32m200 [0m2.567 ms - 136[0m
[0mGET /option/list?optionName=releaseDepartment [36m304 [0m2.475 ms - -[0m
[0mGET /option/list?optionName=releaseDepartment [36m304 [0m2.507 ms - -[0m
[0mGET /option/list?optionName=ICSClassfication [32m200 [0m2.322 ms - 120[0m
[0mGET /option/list?optionName=releaseDepartment [36m304 [0m2.275 ms - -[0m
[0mPOST /option [32m200 [0m4.026 ms - 12[0m
[0mGET /option/list?optionName=releaseDepartment [32m200 [0m2.861 ms - 231[0m
[0mPOST /option [32m200 [0m2.559 ms - 21[0m
[0mGET /option/list?optionName=releaseDepartment [36m304 [0m2.596 ms - -[0m
[0mGET /option/list?optionName=ICSClassfication [36m304 [0m2.494 ms - -[0m
[0mGET /option/list?optionName=ICSClassfication [32m200 [0m2.294 ms - 120[0m
[0mGET /option/list?optionName=industryClassfication [36m304 [0m2.508 ms - -[0m
[0mGET /option/list?optionName=ICSClassfication [36m304 [0m2.453 ms - -[0m
[0mPOST /standard [32m200 [0m12.221 ms - 9[0m
[0mGET /option/list?optionName=releaseDepartment [36m304 [0m2.495 ms - -[0m
[0mGET /detectItem?id=GB9706.1-2020 [32m200 [0m3.116 ms - 21[0m
[0mGET /standard?id=GB9706.1-2020 [32m200 [0m2.352 ms - 571[0m
[0mGET /standard?id=GB9706.1-2020 [36m304 [0m2.991 ms - -[0m
[0mGET /detectItem?id=GB9706.1-2020 [36m304 [0m2.132 ms - -[0m
[0mGET /detectItem?id= [32m200 [0m0.403 ms - 25[0m
[0mPOST /detectItem [32m200 [0m0.708 ms - 15[0m
[0mGET / [32m200 [0m148.413 ms - 221[0m
[0mGET / [32m200 [0m12.476 ms - 221[0m
[0mGET /standard/list [32m200 [0m5.788 ms - 1469[0m
[0mPOST /apply [33m404 [0m11.369 ms - 1358[0m
